d:\c++窗体项目\图像处理软件框架\qtwidgetsapplication2\qtwidgetsapplication2\x64\debug\vc143.pdb
d:\c++窗体项目\图像处理软件框架\qtwidgetsapplication2\qtwidgetsapplication2\x64\debug\vc143.idb
d:\c++窗体项目\图像处理软件框架\qtwidgetsapplication2\qtwidgetsapplication2\x64\debug\qrc_qtwidgetsapplication2.obj
d:\c++窗体项目\图像处理软件框架\qtwidgetsapplication2\qtwidgetsapplication2\x64\debug\qtwidgetsclass.obj
d:\c++窗体项目\图像处理软件框架\qtwidgetsapplication2\qtwidgetsapplication2\x64\debug\main.obj
d:\c++窗体项目\图像处理软件框架\qtwidgetsapplication2\qtwidgetsapplication2\x64\debug\qtwidgetsapplication2.obj
d:\c++窗体项目\图像处理软件框架\qtwidgetsapplication2\qtwidgetsapplication2\x64\debug\moc_qtwidgetsapplication2.obj
d:\c++窗体项目\图像处理软件框架\qtwidgetsapplication2\qtwidgetsapplication2\x64\debug\moc_qtwidgetsclass.obj
d:\c++窗体项目\图像处理软件框架\qtwidgetsapplication2\qtwidgetsapplication2\x64\debug\quadruplebinding.obj
d:\c++窗体项目\图像处理软件框架\qtwidgetsapplication2\x64\debug\qtwidgetsapplication2.exe
d:\c++窗体项目\图像处理软件框架\qtwidgetsapplication2\x64\debug\qtwidgetsapplication2.pdb
d:\c++窗体项目\图像处理软件框架\qtwidgetsapplication2\qtwidgetsapplication2\x64\debug\qt\moc\moc_qtwidgetsapplication2.cpp
d:\c++窗体项目\图像处理软件框架\qtwidgetsapplication2\qtwidgetsapplication2\x64\debug\qt\uic\ui_qtwidgetsapplication2.h
d:\c++窗体项目\图像处理软件框架\qtwidgetsapplication2\qtwidgetsapplication2\x64\debug\qt\uic\ui_qtwidgetsclass.h
d:\c++窗体项目\图像处理软件框架\qtwidgetsapplication2\qtwidgetsapplication2\x64\debug\qt\rcc\qrc_qtwidgetsapplication2.cpp
d:\c++窗体项目\图像处理软件框架\qtwidgetsapplication2\qtwidgetsapplication2\x64\debug\qt\moc\moc_qtwidgetsclass.cpp
d:\c++窗体项目\图像处理软件框架\qtwidgetsapplication2\qtwidgetsapplication2\x64\debug\qt\rcc\qrc_resources.cpp
d:\c++窗体项目\图像处理软件框架\qtwidgetsapplication2\qtwidgetsapplication2\x64\debug\qtwidgetsapplication2.ilk
d:\c++窗体项目\图像处理软件框架\qtwidgetsapplication2\qtwidgetsapplication2\x64\debug\qtwidget.a19bbabe.tlog\cl.command.1.tlog
d:\c++窗体项目\图像处理软件框架\qtwidgetsapplication2\qtwidgetsapplication2\x64\debug\qtwidget.a19bbabe.tlog\cl.items.tlog
d:\c++窗体项目\图像处理软件框架\qtwidgetsapplication2\qtwidgetsapplication2\x64\debug\qtwidget.a19bbabe.tlog\cl.read.1.tlog
d:\c++窗体项目\图像处理软件框架\qtwidgetsapplication2\qtwidgetsapplication2\x64\debug\qtwidget.a19bbabe.tlog\cl.write.1.tlog
d:\c++窗体项目\图像处理软件框架\qtwidgetsapplication2\qtwidgetsapplication2\x64\debug\qtwidget.a19bbabe.tlog\link.command.1.tlog
d:\c++窗体项目\图像处理软件框架\qtwidgetsapplication2\qtwidgetsapplication2\x64\debug\qtwidget.a19bbabe.tlog\link.read.1.tlog
d:\c++窗体项目\图像处理软件框架\qtwidgetsapplication2\qtwidgetsapplication2\x64\debug\qtwidget.a19bbabe.tlog\link.secondary.1.tlog
d:\c++窗体项目\图像处理软件框架\qtwidgetsapplication2\qtwidgetsapplication2\x64\debug\qtwidget.a19bbabe.tlog\link.write.1.tlog
d:\c++窗体项目\图像处理软件框架\qtwidgetsapplication2\qtwidgetsapplication2\x64\debug\qtwidget.a19bbabe.tlog\moc.read.1u.tlog
d:\c++窗体项目\图像处理软件框架\qtwidgetsapplication2\qtwidgetsapplication2\x64\debug\qtwidget.a19bbabe.tlog\moc.write.1u.tlog
d:\c++窗体项目\图像处理软件框架\qtwidgetsapplication2\qtwidgetsapplication2\x64\debug\qtwidget.a19bbabe.tlog\qtwidgetsapplication2.write.1u.tlog
d:\c++窗体项目\图像处理软件框架\qtwidgetsapplication2\qtwidgetsapplication2\x64\debug\qtwidget.a19bbabe.tlog\rcc.read.1u.tlog
d:\c++窗体项目\图像处理软件框架\qtwidgetsapplication2\qtwidgetsapplication2\x64\debug\qtwidget.a19bbabe.tlog\rcc.write.1u.tlog
d:\c++窗体项目\图像处理软件框架\qtwidgetsapplication2\qtwidgetsapplication2\x64\debug\qtwidget.a19bbabe.tlog\uic.read.1u.tlog
d:\c++窗体项目\图像处理软件框架\qtwidgetsapplication2\qtwidgetsapplication2\x64\debug\qtwidget.a19bbabe.tlog\uic.write.1u.tlog
